[0;32m[2025-07-05 19:21:34][0m Starting OBINexus NexusLink Migration
[0;32m[2025-07-05 19:21:34][0m Technical Lead: Nnamdi Michael Okpala
[0;32m[2025-07-05 19:21:34][0m Methodology: Aegis Engineering Waterfall
[0;32m[2025-07-05 19:21:34][0m === Phase 1: Pre-Migration Validation ===
[0;32m[2025-07-05 19:21:34][0m Creating backup at nlink_migration_backup_20250705_192134
[0;34m[INFO][0m Found critical directory: ../../github/nlink-poc/nlink/poc/nlink_qa_poc
[0;34m[INFO][0m Found critical directory: ../../github/nlink-poc/nlink/poc/nlink_cli_semverx
[0;34m[INFO][0m Found critical directory: ../../github/nlink-poc/nlink/nlink
[0;32m[2025-07-05 19:21:34][0m Phase 1 complete: Validation passed
[0;32m[2025-07-05 19:21:34][0m === Phase 2: Creating Target Structure ===
[0;32m[2025-07-05 19:21:34][0m Created feature directory: semverx
[0;32m[2025-07-05 19:21:34][0m Created feature directory: parser
[0;32m[2025-07-05 19:21:34][0m Created feature directory: schema
[0;32m[2025-07-05 19:21:34][0m Created feature directory: minimizer
[0;32m[2025-07-05 19:21:34][0m Created feature directory: etps
[0;32m[2025-07-05 19:21:34][0m Created feature directory: symbols
[0;32m[2025-07-05 19:21:34][0m Created feature directory: pipeline
[0;32m[2025-07-05 19:21:34][0m Created feature directory: cli
[0;32m[2025-07-05 19:21:34][0m Created feature directory: bindings
[0;32m[2025-07-05 19:21:34][0m Created feature directory: tatit
[0;32m[2025-07-05 19:21:34][0m Created feature directory: mpsystem
[0;32m[2025-07-05 19:21:34][0m Created feature directory: spsystem
[0;32m[2025-07-05 19:21:34][0m Phase 2 complete: Structure created
[0;32m[2025-07-05 19:21:34][0m === Phase 3: Migrating SemVerX Components ===
[0;34m[INFO][0m Migrated SemVerX component: ../../github/nlink-poc/nlink/poc/nlink_cli_semverx/include/nlink_semverx
[0;34m[INFO][0m Migrated SemVerX component: ../../github/nlink-poc/nlink/poc/nlink_cli_semverx/include/semverx
[0;34m[INFO][0m Migrated SemVerX component: ../../github/nlink-poc/nlink/poc/nlink_cli_semverx/semverx
[0;34m[INFO][0m Migrated SemVerX component: ../../github/nlink-poc/nlink/poc/nlink_enhanced/src/nexus_semver.c
[0;34m[INFO][0m Migrated SemVerX component: ../../github/nlink-poc/nlink/poc/nlnk_simpilifed/src/nexus_semver.c
[0;32m[2025-07-05 19:21:34][0m Phase 3 complete: SemVerX migrated
[0;32m[2025-07-05 19:21:34][0m === Phase 4: Migrating Parser Components ===
[0;34m[INFO][0m Migrated parser: parser_interface.c
[0;34m[INFO][0m Migrated parser: parser_interface.c
[0;34m[INFO][0m Migrated parser directory: ../../github/nlink-poc/nlink/nlink/src/core/parser
[0;34m[INFO][0m Migrated parser: parse.c
[0;32m[2025-07-05 19:21:34][0m Phase 4 complete: Parser migrated
[0;32m[2025-07-05 19:21:34][0m === Phase 5: Migrating Schema Components ===
[0;34m[INFO][0m Migrated schema: nlink_schema.json
[0;32m[2025-07-05 19:21:34][0m Phase 5 complete: Schema migrated
[0;32m[2025-07-05 19:21:34][0m === Phase 6: Migrating ETPS Telemetry System ===
[0;34m[INFO][0m Migrated ETPS telemetry system
[0;32m[2025-07-05 19:21:34][0m Phase 6 complete: ETPS telemetry migrated
[0;32m[2025-07-05 19:21:34][0m === Phase 7: Migrating Minimizer Components ===
[0;34m[INFO][0m Migrated minimizer from: ../../github/nlink-poc/nlink/nlink/src/core/minimizer
[0;34m[INFO][0m Migrated minimizer from: ../../github/nlink-poc/nlink/nlink/include/nlink/core/minimizer
[0;32m[2025-07-05 19:21:34][0m Phase 7 complete: Minimizer migrated
[0;32m[2025-07-05 19:21:34][0m === Phase 8: Migrating Remaining Core Features ===
[0;32m[2025-07-05 19:21:34][0m Phase 8 complete: Core features migrated
[0;32m[2025-07-05 19:21:34][0m === Phase 9: Migrating Cross-Language Bindings ===
